

Started GET "/assets/rails.png" for 127.0.0.1 at 2012-02-29 20:02:47 -0500
Served asset /rails.png - 200 OK (7ms)


Started GET "/rails/info/properties" for 127.0.0.1 at 2012-02-29 20:02:51 -0500
Processing by Rails::InfoController#properties as */*
  Rendered inline template (21.4ms)
Completed 200 OK in 108ms (Views: 107.1ms | ActiveRecord: 0.0ms)


Started GET "/rails/info/properties" for 127.0.0.1 at 2012-02-29 20:02:56 -0500
Processing by Rails::InfoController#properties as */*
  Rendered inline template (0.6ms)
Completed 200 OK in 2ms (Views: 1.5ms | ActiveRecord: 0.0ms)


Started GET "/rails/info/properties" for 127.0.0.1 at 2012-02-29 20:02:58 -0500
Processing by Rails::InfoController#properties as */*
  Rendered inline template (0.5ms)
Completed 200 OK in 2ms (Views: 1.1ms | ActiveRecord: 0.0ms)


Started GET "/movies" for 127.0.0.1 at 2012-02-29 20:04:08 -0500

ActionController::RoutingError (No route matches [GET] "/movies"):
  actionpack (3.2.1) lib/action_dispatch/middleware/debug_exceptions.rb:21:in `call'
  actionpack (3.2.1) lib/action_dispatch/middleware/show_exceptions.rb:56:in `call'
  railties (3.2.1) lib/rails/rack/logger.rb:26:in `call_app'
  railties (3.2.1) lib/rails/rack/logger.rb:16:in `call'
  actionpack (3.2.1) lib/action_dispatch/middleware/request_id.rb:22:in `call'
  rack (1.4.1) lib/rack/methodoverride.rb:21:in `call'
  rack (1.4.1) lib/rack/runtime.rb:17:in `call'
  activesupport (3.2.1) lib/active_support/cache/strategy/local_cache.rb:72:in `call'
  rack (1.4.1) lib/rack/lock.rb:15:in `call'
  actionpack (3.2.1) lib/action_dispatch/middleware/static.rb:53:in `call'
  railties (3.2.1) lib/rails/engine.rb:479:in `call'
  railties (3.2.1) lib/rails/application.rb:220:in `call'
  railties (3.2.1) lib/rails/railtie/configurable.rb:30:in `method_missing'
  thin (1.3.1) lib/thin/connection.rb:80:in `block in pre_process'
  thin (1.3.1) lib/thin/connection.rb:78:in `catch'
  thin (1.3.1) lib/thin/connection.rb:78:in `pre_process'
  thin (1.3.1) lib/thin/connection.rb:53:in `process'
  thin (1.3.1) lib/thin/connection.rb:38:in `receive_data'
  eventmachine (0.12.10) lib/eventmachine.rb:256:in `run_machine'
  eventmachine (0.12.10) lib/eventmachine.rb:256:in `run'
  thin (1.3.1) lib/thin/backends/base.rb:61:in `start'
  thin (1.3.1) lib/thin/server.rb:159:in `start'
  thin (1.3.1) lib/thin/controllers/controller.rb:86:in `start'
  thin (1.3.1) lib/thin/runner.rb:185:in `run_command'
  thin (1.3.1) lib/thin/runner.rb:151:in `run!'
  thin (1.3.1) bin/thin:6:in `<top (required)>'
  /home/sol/.rvm/gems/ruby-1.9.2-p290/bin/thin:19:in `load'
  /home/sol/.rvm/gems/ruby-1.9.2-p290/bin/thin:19:in `<main>'


  Rendered /home/sol/.rvm/gems/ruby-1.9.2-p290/gems/actionpack-3.2.1/lib/action_dispatch/middleware/templates/rescues/routing_error.erb within rescues/layout (1.5ms)


Started GET "/assets/rails.png" for 127.0.0.1 at 2012-02-29 20:29:14 -0500
Served asset /rails.png - 304 Not Modified (3ms)


Started GET "/rails/info/properties" for 127.0.0.1 at 2012-02-29 20:29:23 -0500
Processing by Rails::InfoController#properties as */*
  Rendered inline template (45.2ms)
Completed 200 OK in 81ms (Views: 80.2ms | ActiveRecord: 0.0ms)


Started GET "/movies" for 127.0.0.1 at 2012-02-29 20:55:18 -0500

ActionController::RoutingError (No route matches [GET] "/movies"):
  actionpack (3.2.1) lib/action_dispatch/middleware/debug_exceptions.rb:21:in `call'
  actionpack (3.2.1) lib/action_dispatch/middleware/show_exceptions.rb:56:in `call'
  railties (3.2.1) lib/rails/rack/logger.rb:26:in `call_app'
  railties (3.2.1) lib/rails/rack/logger.rb:16:in `call'
  actionpack (3.2.1) lib/action_dispatch/middleware/request_id.rb:22:in `call'
  rack (1.4.1) lib/rack/methodoverride.rb:21:in `call'
  rack (1.4.1) lib/rack/runtime.rb:17:in `call'
  activesupport (3.2.1) lib/active_support/cache/strategy/local_cache.rb:72:in `call'
  rack (1.4.1) lib/rack/lock.rb:15:in `call'
  actionpack (3.2.1) lib/action_dispatch/middleware/static.rb:53:in `call'
  railties (3.2.1) lib/rails/engine.rb:479:in `call'
  railties (3.2.1) lib/rails/application.rb:220:in `call'
  rack (1.4.1) lib/rack/content_length.rb:14:in `call'
  railties (3.2.1) lib/rails/rack/log_tailer.rb:14:in `call'
  thin (1.3.1) lib/thin/connection.rb:80:in `block in pre_process'
  thin (1.3.1) lib/thin/connection.rb:78:in `catch'
  thin (1.3.1) lib/thin/connection.rb:78:in `pre_process'
  thin (1.3.1) lib/thin/connection.rb:53:in `process'
  thin (1.3.1) lib/thin/connection.rb:38:in `receive_data'
  eventmachine (0.12.10) lib/eventmachine.rb:256:in `run_machine'
  eventmachine (0.12.10) lib/eventmachine.rb:256:in `run'
  thin (1.3.1) lib/thin/backends/base.rb:61:in `start'
  thin (1.3.1) lib/thin/server.rb:159:in `start'
  rack (1.4.1) lib/rack/handler/thin.rb:13:in `run'
  rack (1.4.1) lib/rack/server.rb:265:in `start'
  railties (3.2.1) lib/rails/commands/server.rb:70:in `start'
  railties (3.2.1) lib/rails/commands.rb:55:in `block in <top (required)>'
  railties (3.2.1) lib/rails/commands.rb:50:in `tap'
  railties (3.2.1) lib/rails/commands.rb:50:in `<top (required)>'
  script/rails:6:in `require'
  script/rails:6:in `<main>'


  Rendered /home/sol/.rvm/gems/ruby-1.9.2-p290/gems/actionpack-3.2.1/lib/action_dispatch/middleware/templates/rescues/routing_error.erb within rescues/layout (0.9ms)


Started GET "/assets/rails.png" for 127.0.0.1 at 2012-02-29 20:55:26 -0500
Served asset /rails.png - 304 Not Modified (0ms)


Started GET "/movies" for 127.0.0.1 at 2012-02-29 20:55:35 -0500

ActionController::RoutingError (No route matches [GET] "/movies"):
  actionpack (3.2.1) lib/action_dispatch/middleware/debug_exceptions.rb:21:in `call'
  actionpack (3.2.1) lib/action_dispatch/middleware/show_exceptions.rb:56:in `call'
  railties (3.2.1) lib/rails/rack/logger.rb:26:in `call_app'
  railties (3.2.1) lib/rails/rack/logger.rb:16:in `call'
  actionpack (3.2.1) lib/action_dispatch/middleware/request_id.rb:22:in `call'
  rack (1.4.1) lib/rack/methodoverride.rb:21:in `call'
  rack (1.4.1) lib/rack/runtime.rb:17:in `call'
  activesupport (3.2.1) lib/active_support/cache/strategy/local_cache.rb:72:in `call'
  rack (1.4.1) lib/rack/lock.rb:15:in `call'
  actionpack (3.2.1) lib/action_dispatch/middleware/static.rb:53:in `call'
  railties (3.2.1) lib/rails/engine.rb:479:in `call'
  railties (3.2.1) lib/rails/application.rb:220:in `call'
  rack (1.4.1) lib/rack/content_length.rb:14:in `call'
  railties (3.2.1) lib/rails/rack/log_tailer.rb:14:in `call'
  thin (1.3.1) lib/thin/connection.rb:80:in `block in pre_process'
  thin (1.3.1) lib/thin/connection.rb:78:in `catch'
  thin (1.3.1) lib/thin/connection.rb:78:in `pre_process'
  thin (1.3.1) lib/thin/connection.rb:53:in `process'
  thin (1.3.1) lib/thin/connection.rb:38:in `receive_data'
  eventmachine (0.12.10) lib/eventmachine.rb:256:in `run_machine'
  eventmachine (0.12.10) lib/eventmachine.rb:256:in `run'
  thin (1.3.1) lib/thin/backends/base.rb:61:in `start'
  thin (1.3.1) lib/thin/server.rb:159:in `start'
  rack (1.4.1) lib/rack/handler/thin.rb:13:in `run'
  rack (1.4.1) lib/rack/server.rb:265:in `start'
  railties (3.2.1) lib/rails/commands/server.rb:70:in `start'
  railties (3.2.1) lib/rails/commands.rb:55:in `block in <top (required)>'
  railties (3.2.1) lib/rails/commands.rb:50:in `tap'
  railties (3.2.1) lib/rails/commands.rb:50:in `<top (required)>'
  script/rails:6:in `require'
  script/rails:6:in `<main>'


  Rendered /home/sol/.rvm/gems/ruby-1.9.2-p290/gems/actionpack-3.2.1/lib/action_dispatch/middleware/templates/rescues/routing_error.erb within rescues/layout (0.9ms)
